{"/Users/umeriftikhar/Development/AI-Agents/productive-ai/src/summary-generator/process-chunk.ts": {"path":"/Users/umeriftikhar/Development/AI-Agents/productive-ai/src/summary-generator/process-chunk.ts","statementMap":{"0":{"start":{"line":10,"column":0},"end":{"line":10,"column":7}},"1":{"start":{"line":11,"column":22},"end":{"line":29,"column":4}},"2":{"start":{"line":30,"column":41},"end":{"line":40,"column":19}},"3":{"start":{"line":42,"column":18},"end":{"line":42,"column":64}},"4":{"start":{"line":43,"column":2},"end":{"line":43,"column":54}},"5":{"start":{"line":45,"column":23},"end":{"line":45,"column":69}},"6":{"start":{"line":46,"column":2},"end":{"line":48,"column":3}},"7":{"start":{"line":47,"column":4},"end":{"line":47,"column":69}},"8":{"start":{"line":49,"column":2},"end":{"line":49,"column":22}}},"fnMap":{"0":{"name":"processChunk","decl":{"start":{"line":10,"column":22},"end":{"line":10,"column":34}},"loc":{"start":{"line":10,"column":79},"end":{"line":50,"column":1}}}},"branchMap":{"0":{"loc":{"start":{"line":46,"column":2},"end":{"line":48,"column":3}},"type":"if","locations":[{"start":{"line":46,"column":2},"end":{"line":48,"column":3}}]}},"s":{"0":1,"1":2,"2":2,"3":2,"4":2,"5":2,"6":2,"7":1,"8":1},"f":{"0":2},"b":{"0":[1]}}
}
